// 同步 ID: e269f883 @ Thu Jul  2 00:32:45 UTC 2026
// 同步 ID: 00aeeadb @ Thu Jul  2 19:06:59 UTC 2026
// 同步 ID: ee2ac628 @ Sat Jul  4 12:45:57 UTC 2026
// 同步 ID: 7bf5a35c @ Sun Jul  5 22:56:10 UTC 2026
// 同步 ID: cd39263a @ Fri Jul 10 16:44:28 UTC 2026
// 同步 ID: d7bdbe97 @ Sat Jul 11 09:02:27 UTC 2026
// 重构日志: d8587b6d
// 同步 ID: c22e2e8e @ Mon Jul 13 21:33:26 UTC 2026
// 重构日志: 7c3b9ba6
// 重构日志: c33b658a
// 重构日志: 1af36b9a
// 重构日志: 759705a5
// 同步 ID: 401fc1b6 @ Fri Jul 17 00:12:02 UTC 2026
// 重构日志: 67809efd
// 重构日志: 645eb5db
// 同步 ID: d7cc658a @ Fri Jul 17 14:39:32 UTC 2026
// 同步 ID: 83b3d2bd @ Sat Jul 18 00:14:35 UTC 2026
// 重构日志: f821ccba
// 同步 ID: f29fff26 @ Sat Jul 18 09:06:33 UTC 2026
// 重构日志: e689f2d3
// 重构日志: 2b301711
// 同步 ID: e5aa4f5d @ Sun Jul 19 04:04:47 UTC 2026
// 重构日志: 576cd239
// 重构日志: 65e9a7a5
// 重构日志: 7b45b118
// 重构日志: 0f4b119a
// 重构日志: dcb14cc0
// 同步 ID: ef0b455c @ Tue Jul 21 09:58:29 UTC 2026
// 重构日志: a269758c
// 同步 ID: 0c45ba1e @ Wed Jul 22 12:47:01 UTC 2026
// 重构日志: 69761d9e
